JUnit version 4.11
.newLevel + 40
minAcceptableLevel + 25
newLevel + 10
minAcceptableLevel + 25
newLevel + 90
minAcceptableLevel + 25
newLevel + -30
minAcceptableLevel + 25
.newLevel + 120
minAcceptableLevel + 25
.newLevel + 80
minAcceptableLevel + 25
.newLevel + 125
minAcceptableLevel + 25
.newLevel + 85
minAcceptableLevel + 25
.newLevel + 110
minAcceptableLevel + 25
.newLevel + 70
minAcceptableLevel + 25
.newLevel + 60
minAcceptableLevel + 25
newLevel + 70
minAcceptableLevel + 25
newLevel + 80
minAcceptableLevel + 25
newLevel + 90
minAcceptableLevel + 25
newLevel + 100
minAcceptableLevel + 25
newLevel + 110
minAcceptableLevel + 25
.newLevel + 60
minAcceptableLevel + 25
newLevel + 70
minAcceptableLevel + 25
newLevel + 80
minAcceptableLevel + 25
newLevel + 90
minAcceptableLevel + 25
newLevel + 100
minAcceptableLevel + 25
newLevel + 110
minAcceptableLevel + 25
newLevel + 40
minAcceptableLevel + 25
E..newLevel + 45
minAcceptableLevel + 25
newLevel + 20
minAcceptableLevel + 25
newLevel + 105
minAcceptableLevel + 25
newLevel + -15
minAcceptableLevel + 25
...newLevel + 70
minAcceptableLevel + 25
newLevel + 90
minAcceptableLevel + 25
newLevel + 110
minAcceptableLevel + 25
newLevel + 120
minAcceptableLevel + 25
newLevel + 120
minAcceptableLevel + 25
.newLevel + -10
minAcceptableLevel + 25
newLevel + -60
minAcceptableLevel + 25
newLevel + -60
minAcceptableLevel + 25
newLevel + -60
minAcceptableLevel + 25
newLevel + -60
minAcceptableLevel + 25
.newLevel + 80
minAcceptableLevel + 25
newLevel + 110
minAcceptableLevel + 25
newLevel + 130
minAcceptableLevel + 25
newLevel + 130
minAcceptableLevel + 25
newLevel + 130
minAcceptableLevel + 25
newLevel + 130
minAcceptableLevel + 25
.newLevel + 0
minAcceptableLevel + 25
newLevel + -50
minAcceptableLevel + 25
newLevel + -50
minAcceptableLevel + 25
newLevel + -50
minAcceptableLevel + 25
newLevel + -50
minAcceptableLevel + 25
newLevel + -50
minAcceptableLevel + 25
....newLevel + 85
minAcceptableLevel + 25
newLevel + 120
minAcceptableLevel + 25
newLevel + 135
minAcceptableLevel + 25
newLevel + 135
minAcceptableLevel + 25
newLevel + 135
minAcceptableLevel + 25
.newLevel + 5
minAcceptableLevel + 25
newLevel + -40
minAcceptableLevel + 25
newLevel + -45
minAcceptableLevel + 25
newLevel + -45
minAcceptableLevel + 25
newLevel + -45
minAcceptableLevel + 25
...newLevel + 30
minAcceptableLevel + 25
newLevel + -10
minAcceptableLevel + 25
newLevel + 70
minAcceptableLevel + 25
newLevel + -60
minAcceptableLevel + 25
.....newLevel + 40
minAcceptableLevel + 25
newLevel + 30
minAcceptableLevel + 25
newLevel + 20
minAcceptableLevel + 25
newLevel + 10
minAcceptableLevel + 25
newLevel + 0
minAcceptableLevel + 25
newLevel + -10
minAcceptableLevel + 25
newLevel + -10
minAcceptableLevel + 25
.newLevel + 45
minAcceptableLevel + 25
newLevel + 40
minAcceptableLevel + 25
newLevel + 35
minAcceptableLevel + 25
newLevel + 30
minAcceptableLevel + 25
newLevel + 25
minAcceptableLevel + 25
newLevel + 20
minAcceptableLevel + 25
newLevel + 15
minAcceptableLevel + 25
.newLevel + 30
minAcceptableLevel + 25
newLevel + 10
minAcceptableLevel + 25
newLevel + -10
minAcceptableLevel + 25
newLevel + -20
minAcceptableLevel + 25
newLevel + -20
minAcceptableLevel + 25
newLevel + -20
minAcceptableLevel + 25
newLevel + -20
minAcceptableLevel + 25
.newLevel + 30
minAcceptableLevel + 25
.newLevel + 35
minAcceptableLevel + 25
.newLevel + 20
minAcceptableLevel + 25
.newLevel + 30
minAcceptableLevel + 25
E.newLevel + 45
minAcceptableLevel + 25
E
Time: 0.042
There were 3 failures:
1) damOverflowed_Test8(asgn1Solution.ActionsTests)
java.lang.AssertionError
	at org.junit.Assert.fail(Assert.java:86)
	at org.junit.Assert.assertTrue(Assert.java:41)
	at org.junit.Assert.assertTrue(Assert.java:52)
	at asgn1Solution.ActionsTests.damOverflowed_Test8(ActionsTests.java:631)
	at sun.reflect.NativeMethodAccessorImpl.invoke0(Native Method)
	at sun.reflect.NativeMethodAccessorImpl.invoke(Unknown Source)
	at sun.reflect.DelegatingMethodAccessorImpl.invoke(Unknown Source)
	at java.lang.reflect.Method.invoke(Unknown Source)
	at org.junit.runners.model.FrameworkMethod$1.runReflectiveCall(FrameworkMethod.java:47)
	at org.junit.internal.runners.model.ReflectiveCallable.run(ReflectiveCallable.java:12)
	at org.junit.runners.model.FrameworkMethod.invokeExplosively(FrameworkMethod.java:44)
	at org.junit.internal.runners.statements.InvokeMethod.evaluate(InvokeMethod.java:17)
	at org.junit.internal.runners.statements.RunBefores.evaluate(RunBefores.java:26)
	at org.junit.runners.ParentRunner.runLeaf(ParentRunner.java:271)
	at org.junit.runners.BlockJUnit4ClassRunner.runChild(BlockJUnit4ClassRunner.java:70)
	at org.junit.runners.BlockJUnit4ClassRunner.runChild(BlockJUnit4ClassRunner.java:50)
	at org.junit.runners.ParentRunner$3.run(ParentRunner.java:238)
	at org.junit.runners.ParentRunner$1.schedule(ParentRunner.java:63)
	at org.junit.runners.ParentRunner.runChildren(ParentRunner.java:236)
	at org.junit.runners.ParentRunner.access$000(ParentRunner.java:53)
	at org.junit.runners.ParentRunner$2.evaluate(ParentRunner.java:229)
	at org.junit.runners.ParentRunner.run(ParentRunner.java:309)
	at org.junit.runners.Suite.runChild(Suite.java:127)
	at org.junit.runners.Suite.runChild(Suite.java:26)
	at org.junit.runners.ParentRunner$3.run(ParentRunner.java:238)
	at org.junit.runners.ParentRunner$1.schedule(ParentRunner.java:63)
	at org.junit.runners.ParentRunner.runChildren(ParentRunner.java:236)
	at org.junit.runners.ParentRunner.access$000(ParentRunner.java:53)
	at org.junit.runners.ParentRunner$2.evaluate(ParentRunner.java:229)
	at org.junit.runners.ParentRunner.run(ParentRunner.java:309)
	at org.junit.runner.JUnitCore.run(JUnitCore.java:160)
	at org.junit.runner.JUnitCore.run(JUnitCore.java:138)
	at org.junit.runner.JUnitCore.run(JUnitCore.java:117)
	at org.junit.runner.JUnitCore.runMain(JUnitCore.java:96)
	at org.junit.runner.JUnitCore.runMainAndExit(JUnitCore.java:47)
	at org.junit.runner.JUnitCore.main(JUnitCore.java:40)
2) levelTooLow_Test1(asgn1Solution.ActionsTests)
java.lang.AssertionError
	at org.junit.Assert.fail(Assert.java:86)
	at org.junit.Assert.assertTrue(Assert.java:41)
	at org.junit.Assert.assertFalse(Assert.java:64)
	at org.junit.Assert.assertFalse(Assert.java:74)
	at asgn1Solution.ActionsTests.levelTooLow_Test1(ActionsTests.java:653)
	at sun.reflect.NativeMethodAccessorImpl.invoke0(Native Method)
	at sun.reflect.NativeMethodAccessorImpl.invoke(Unknown Source)
	at sun.reflect.DelegatingMethodAccessorImpl.invoke(Unknown Source)
	at java.lang.reflect.Method.invoke(Unknown Source)
	at org.junit.runners.model.FrameworkMethod$1.runReflectiveCall(FrameworkMethod.java:47)
	at org.junit.internal.runners.model.ReflectiveCallable.run(ReflectiveCallable.java:12)
	at org.junit.runners.model.FrameworkMethod.invokeExplosively(FrameworkMethod.java:44)
	at org.junit.internal.runners.statements.InvokeMethod.evaluate(InvokeMethod.java:17)
	at org.junit.internal.runners.statements.RunBefores.evaluate(RunBefores.java:26)
	at org.junit.runners.ParentRunner.runLeaf(ParentRunner.java:271)
	at org.junit.runners.BlockJUnit4ClassRunner.runChild(BlockJUnit4ClassRunner.java:70)
	at org.junit.runners.BlockJUnit4ClassRunner.runChild(BlockJUnit4ClassRunner.java:50)
	at org.junit.runners.ParentRunner$3.run(ParentRunner.java:238)
	at org.junit.runners.ParentRunner$1.schedule(ParentRunner.java:63)
	at org.junit.runners.ParentRunner.runChildren(ParentRunner.java:236)
	at org.junit.runners.ParentRunner.access$000(ParentRunner.java:53)
	at org.junit.runners.ParentRunner$2.evaluate(ParentRunner.java:229)
	at org.junit.runners.ParentRunner.run(ParentRunner.java:309)
	at org.junit.runners.Suite.runChild(Suite.java:127)
	at org.junit.runners.Suite.runChild(Suite.java:26)
	at org.junit.runners.ParentRunner$3.run(ParentRunner.java:238)
	at org.junit.runners.ParentRunner$1.schedule(ParentRunner.java:63)
	at org.junit.runners.ParentRunner.runChildren(ParentRunner.java:236)
	at org.junit.runners.ParentRunner.access$000(ParentRunner.java:53)
	at org.junit.runners.ParentRunner$2.evaluate(ParentRunner.java:229)
	at org.junit.runners.ParentRunner.run(ParentRunner.java:309)
	at org.junit.runner.JUnitCore.run(JUnitCore.java:160)
	at org.junit.runner.JUnitCore.run(JUnitCore.java:138)
	at org.junit.runner.JUnitCore.run(JUnitCore.java:117)
	at org.junit.runner.JUnitCore.runMain(JUnitCore.java:96)
	at org.junit.runner.JUnitCore.runMainAndExit(JUnitCore.java:47)
	at org.junit.runner.JUnitCore.main(JUnitCore.java:40)
3) levelTooLow_Test2(asgn1Solution.ActionsTests)
java.lang.AssertionError
	at org.junit.Assert.fail(Assert.java:86)
	at org.junit.Assert.assertTrue(Assert.java:41)
	at org.junit.Assert.assertFalse(Assert.java:64)
	at org.junit.Assert.assertFalse(Assert.java:74)
	at asgn1Solution.ActionsTests.levelTooLow_Test2(ActionsTests.java:675)
	at sun.reflect.NativeMethodAccessorImpl.invoke0(Native Method)
	at sun.reflect.NativeMethodAccessorImpl.invoke(Unknown Source)
	at sun.reflect.DelegatingMethodAccessorImpl.invoke(Unknown Source)
	at java.lang.reflect.Method.invoke(Unknown Source)
	at org.junit.runners.model.FrameworkMethod$1.runReflectiveCall(FrameworkMethod.java:47)
	at org.junit.internal.runners.model.ReflectiveCallable.run(ReflectiveCallable.java:12)
	at org.junit.runners.model.FrameworkMethod.invokeExplosively(FrameworkMethod.java:44)
	at org.junit.internal.runners.statements.InvokeMethod.evaluate(InvokeMethod.java:17)
	at org.junit.internal.runners.statements.RunBefores.evaluate(RunBefores.java:26)
	at org.junit.runners.ParentRunner.runLeaf(ParentRunner.java:271)
	at org.junit.runners.BlockJUnit4ClassRunner.runChild(BlockJUnit4ClassRunner.java:70)
	at org.junit.runners.BlockJUnit4ClassRunner.runChild(BlockJUnit4ClassRunner.java:50)
	at org.junit.runners.ParentRunner$3.run(ParentRunner.java:238)
	at org.junit.runners.ParentRunner$1.schedule(ParentRunner.java:63)
	at org.junit.runners.ParentRunner.runChildren(ParentRunner.java:236)
	at org.junit.runners.ParentRunner.access$000(ParentRunner.java:53)
	at org.junit.runners.ParentRunner$2.evaluate(ParentRunner.java:229)
	at org.junit.runners.ParentRunner.run(ParentRunner.java:309)
	at org.junit.runners.Suite.runChild(Suite.java:127)
	at org.junit.runners.Suite.runChild(Suite.java:26)
	at org.junit.runners.ParentRunner$3.run(ParentRunner.java:238)
	at org.junit.runners.ParentRunner$1.schedule(ParentRunner.java:63)
	at org.junit.runners.ParentRunner.runChildren(ParentRunner.java:236)
	at org.junit.runners.ParentRunner.access$000(ParentRunner.java:53)
	at org.junit.runners.ParentRunner$2.evaluate(ParentRunner.java:229)
	at org.junit.runners.ParentRunner.run(ParentRunner.java:309)
	at org.junit.runner.JUnitCore.run(JUnitCore.java:160)
	at org.junit.runner.JUnitCore.run(JUnitCore.java:138)
	at org.junit.runner.JUnitCore.run(JUnitCore.java:117)
	at org.junit.runner.JUnitCore.runMain(JUnitCore.java:96)
	at org.junit.runner.JUnitCore.runMainAndExit(JUnitCore.java:47)
	at org.junit.runner.JUnitCore.main(JUnitCore.java:40)

FAILURES!!!
Tests run: 37,  Failures: 3

